{
  "RSpec": {
    "coverage": {
      "/home/bedreski/Projetos/Trainee2023/semana-3/calculator/app.rb": {
        "lines": [
          null,
          null,
          1,
          1,
          1,
          1,
          1,
          0,
          null,
          null,
          1,
          0,
          0,
          0,
          null,
          null
        ]
      },
      "/home/bedreski/Projetos/Trainee2023/semana-3/calculator/models/calculate_by_operator.rb": {
        "lines": [
          1,
          null,
          1,
          null,
          1,
          null,
          1,
          1,
          1,
          1,
          1,
          null,
          null,
          1,
          null,
          1,
          null,
          0,
          null,
          null,
          1,
          null,
          null,
          0,
          null,
          null,
          0,
          null,
          null,
          null,
          null,
          null,
          null
        ]
      },
      "/home/bedreski/Projetos/Trainee2023/semana-3/calculator/models/calculator.rb": {
        "lines": [
          1,
          null,
          1,
          null,
          1,
          2,
          2,
          null,
          null,
          1,
          1,
          null,
          null,
          1,
          null,
          0,
          null,
          null,
          null,
          1,
          0,
          null,
          null,
          1,
          1,
          null,
          null,
          null
        ]
      },
      "/home/bedreski/Projetos/Trainee2023/semana-3/calculator/spec/models/calculator_spec.rb": {
        "lines": [
          1,
          null,
          1,
          null,
          2,
          null,
          1,
          1,
          null,
          null
        ]
      }
    },
    "timestamp": 1674826898
  }
}
